{
  "RSpec": {
    "coverage": {
      "/Users/ikl0/Ruby_Projects/geo_app/app/controllers/tickets_controller.rb": {
        "lines": [
          null,
          null,
          1,
          1,
          null,
          1,
          1,
          null,
          null,
          1,
          1,
          null,
          null,
          1,
          2,
          null,
          2,
          1,
          null,
          1,
          null,
          null,
          null,
          1,
          null,
          1,
          2,
          null,
          null,
          null,
          null,
          null,
          null,
          null,
          null,
          null,
          null,
          null
        ]
      },
      "/Users/ikl0/Ruby_Projects/geo_app/app/models/digsite_info.rb": {
        "lines": [
          null,
          null,
          1,
          1,
          null,
          1,
          3,
          null,
          2,
          null,
          2,
          1,
          12,
          null,
          null,
          1,
          null,
          null,
          null
        ]
      },
      "/Users/ikl0/Ruby_Projects/geo_app/app/models/application_record.rb": {
        "lines": [
          null,
          null,
          1,
          1,
          null
        ]
      },
      "/Users/ikl0/Ruby_Projects/geo_app/app/models/ticket.rb": {
        "lines": [
          null,
          null,
          1,
          1,
          1,
          1,
          1,
          1,
          4,
          null,
          1,
          1,
          0,
          null,
          null,
          1,
          null,
          null,
          1,
          5,
          null,
          null,
          null,
          null,
          null,
          null,
          null,
          null,
          null,
          null,
          null,
          null,
          5,
          5,
          1,
          3,
          null,
          null,
          null,
          5,
          5,
          1,
          1,
          null,
          1,
          null,
          5,
          null,
          null
        ]
      },
      "/Users/ikl0/Ruby_Projects/geo_app/app/models/date_and_times.rb": {
        "lines": [
          null,
          null,
          1,
          1,
          null
        ]
      },
      "/Users/ikl0/Ruby_Projects/geo_app/app/models/service_area_code.rb": {
        "lines": [
          null,
          null,
          1,
          1,
          null
        ]
      },
      "/Users/ikl0/Ruby_Projects/geo_app/app/models/excavator.rb": {
        "lines": [
          null,
          null,
          1,
          1,
          null
        ]
      }
    },
    "timestamp": 1699911067
  }
}
